0 info it worked if it ends with ok
1 verbose cli [ 'D:\\Program Files\\nodejs\\node.exe',
1 verbose cli   'D:\\Program Files\\nodejs\\node_modules\\npm\\bin\\npm-cli.js',
1 verbose cli   'run',
1 verbose cli   'json:server' ]
2 info using npm@3.10.10
3 info using node@v6.10.0
4 verbose run-script [ 'prejson:server', 'json:server', 'postjson:server' ]
5 info lifecycle jsonserver@1.0.0~prejson:server: jsonserver@1.0.0
6 silly lifecycle jsonserver@1.0.0~prejson:server: no script for prejson:server, continuing
7 info lifecycle jsonserver@1.0.0~json:server: jsonserver@1.0.0
8 verbose lifecycle jsonserver@1.0.0~json:server: unsafe-perm in lifecycle true
9 verbose lifecycle jsonserver@1.0.0~json:server: PATH: D:\Program Files\nodejs\node_modules\npm\bin\node-gyp-bin;d:\phpStudy\WWW\myproject\Project\JSONSERVER\node_modules\.bin;C:\Program Files (x86)\360\360zip;C:\Program Files (x86)\360\360zip;C:\PROGRAM FILES (X86)\INTEL\ICLS CLIENT\;C:\PROGRAM FILES\INTEL\ICLS CLIENT\;C:\Windows\SYSTEM32;C:\Windows;C:\Windows\SYSTEM32\WBEM;C:\Windows\SYSTEM32\WINDOWSPOWERSHELL\V1.0\;C:\PROGRAM FILES (X86)\INTEL\OPENCL SDK\2.0\BIN\X86;C:\PROGRAM FILES (X86)\INTEL\OPENCL SDK\2.0\BIN\X64;C:\PROGRAM FILES\INTEL\INTEL(R) MANAGEMENT ENGINE COMPONENTS\DAL;C:\PROGRAM FILES\INTEL\INTEL(R) MANAGEMENT ENGINE COMPONENTS\IPT;C:\PROGRAM FILES (X86)\INTEL\INTEL(R) MANAGEMENT ENGINE COMPONENTS\DAL;C:\PROGRAM FILES (X86)\INTEL\INTEL(R) MANAGEMENT ENGINE COMPONENTS\IPT;C:\PROGRAM FILES (X86)\LENOVO\ACCESS CONNECTIONS\;C:\PROGRAM FILES (X86)\QUICKTIME\QTSYSTEM\;C:\Program Files\WIDCOMM\Bluetooth Software\;C:\Program Files\WIDCOMM\Bluetooth Software\syswow64;C:\Program Files (x86)\Intel\OpenCL SDK\2.0\bin\x86;C:\Program Files (x86)\Intel\OpenCL SDK\2.0\bin\x64;C:\Program Files\Java\jdk1.8.0_131\bin;C:\Program Files\Java\jdk1.8.0_131\jre\bin;D:\Program Files\nodejs\;d:\Program Files\Git\cmd;D:\Program Files\nodejs;D:\phpStudy\php\php-5.2.17;C:\Program Files\MongoDB\Server\3.4\bin;C:\Users\Administrator\AppData\Roaming\npm;d:\Program Files (x86)\Microsoft VS Code\bin;C:\Users\Administrator\AppData\Local\GitHubDesktop\bin
10 verbose lifecycle jsonserver@1.0.0~json:server: CWD: d:\phpStudy\WWW\myproject\Project\JSONSERVER
11 silly lifecycle jsonserver@1.0.0~json:server: Args: [ '/d /s /c', 'json-server --watch db.json' ]
12 silly lifecycle jsonserver@1.0.0~json:server: Returned: code: 1  signal: null
13 info lifecycle jsonserver@1.0.0~json:server: Failed to exec json:server script
14 verbose stack Error: jsonserver@1.0.0 json:server: `json-server --watch db.json`
14 verbose stack Exit status 1
14 verbose stack     at EventEmitter.<anonymous> (D:\Program Files\nodejs\node_modules\npm\lib\utils\lifecycle.js:255:16)
14 verbose stack     at emitTwo (events.js:106:13)
14 verbose stack     at EventEmitter.emit (events.js:191:7)
14 verbose stack     at ChildProcess.<anonymous> (D:\Program Files\nodejs\node_modules\npm\lib\utils\spawn.js:40:14)
14 verbose stack     at emitTwo (events.js:106:13)
14 verbose stack     at ChildProcess.emit (events.js:191:7)
14 verbose stack     at maybeClose (internal/child_process.js:877:16)
14 verbose stack     at Process.ChildProcess._handle.onexit (internal/child_process.js:226:5)
15 verbose pkgid jsonserver@1.0.0
16 verbose cwd d:\phpStudy\WWW\myproject\Project\JSONSERVER
17 error Windows_NT 6.1.7601
18 error argv "D:\\Program Files\\nodejs\\node.exe" "D:\\Program Files\\nodejs\\node_modules\\npm\\bin\\npm-cli.js" "run" "json:server"
19 error node v6.10.0
20 error npm  v3.10.10
21 error code ELIFECYCLE
22 error jsonserver@1.0.0 json:server: `json-server --watch db.json`
22 error Exit status 1
23 error Failed at the jsonserver@1.0.0 json:server script 'json-server --watch db.json'.
23 error Make sure you have the latest version of node.js and npm installed.
23 error If you do, this is most likely a problem with the jsonserver package,
23 error not with npm itself.
23 error Tell the author that this fails on your system:
23 error     json-server --watch db.json
23 error You can get information on how to open an issue for this project with:
23 error     npm bugs jsonserver
23 error Or if that isn't available, you can get their info via:
23 error     npm owner ls jsonserver
23 error There is likely additional logging output above.
24 verbose exit [ 1, true ]
